Performing C SOURCE FILE Test CMAKE_HAVE_LIBC_PTHREAD failed with the following output:
Change Dir: /home/oem/Desktop/Serwerek/klient/cmake-build-debug/CMakeFiles/CMakeTmp

Run Build Command(s):/usr/bin/make -f Makefile cmTC_fcef3/fast && /usr/bin/make  -f CMakeFiles/cmTC_fcef3.dir/build.make CMakeFiles/cmTC_fcef3.dir/build
make[1]: Entering directory '/home/oem/Desktop/Serwerek/klient/cmake-build-debug/CMakeFiles/CMakeTmp'
Building C object CMakeFiles/cmTC_fcef3.dir/src.c.o
/usr/bin/cc -DCMAKE_HAVE_LIBC_PTHREAD  -std=gnu99 -o CMakeFiles/cmTC_fcef3.dir/src.c.o -c /home/oem/Desktop/Serwerek/klient/cmake-build-debug/CMakeFiles/CMakeTmp/src.c
Linking C executable cmTC_fcef3
/home/oem/Downloads/clion-2021.3.2/bin/cmake/linux/bin/cmake -E cmake_link_script CMakeFiles/cmTC_fcef3.dir/link.txt --verbose=1
/usr/bin/cc CMakeFiles/cmTC_fcef3.dir/src.c.o -o cmTC_fcef3 
/usr/bin/ld: CMakeFiles/cmTC_fcef3.dir/src.c.o: in function `main':
src.c:(.text+0x46): undefined reference to `pthread_create'
/usr/bin/ld: src.c:(.text+0x52): undefined reference to `pthread_detach'
/usr/bin/ld: src.c:(.text+0x5e): undefined reference to `pthread_cancel'
/usr/bin/ld: src.c:(.text+0x6f): undefined reference to `pthread_join'
collect2: error: ld returned 1 exit status
make[1]: *** [CMakeFiles/cmTC_fcef3.dir/build.make:99: cmTC_fcef3] Error 1
make[1]: Leaving directory '/home/oem/Desktop/Serwerek/klient/cmake-build-debug/CMakeFiles/CMakeTmp'
make: *** [Makefile:127: cmTC_fcef3/fast] Error 2


Source file was:
#include <pthread.h>

static void* test_func(void* data)
{
  return data;
}

int main(void)
{
  pthread_t thread;
  pthread_create(&thread, NULL, test_func, NULL);
  pthread_detach(thread);
  pthread_cancel(thread);
  pthread_join(thread, NULL);
  pthread_atfork(NULL, NULL, NULL);
  pthread_exit(NULL);

  return 0;
}

Determining if the function pthread_create exists in the pthreads failed with the following output:
Change Dir: /home/oem/Desktop/Serwerek/klient/cmake-build-debug/CMakeFiles/CMakeTmp

Run Build Command(s):/usr/bin/make -f Makefile cmTC_10d05/fast && /usr/bin/make  -f CMakeFiles/cmTC_10d05.dir/build.make CMakeFiles/cmTC_10d05.dir/build
make[1]: Entering directory '/home/oem/Desktop/Serwerek/klient/cmake-build-debug/CMakeFiles/CMakeTmp'
Building C object CMakeFiles/cmTC_10d05.dir/CheckFunctionExists.c.o
/usr/bin/cc   -DCHECK_FUNCTION_EXISTS=pthread_create -std=gnu99 -o CMakeFiles/cmTC_10d05.dir/CheckFunctionExists.c.o -c /home/oem/Downloads/clion-2021.3.2/bin/cmake/linux/share/cmake-3.21/Modules/CheckFunctionExists.c
Linking C executable cmTC_10d05
/home/oem/Downloads/clion-2021.3.2/bin/cmake/linux/bin/cmake -E cmake_link_script CMakeFiles/cmTC_10d05.dir/link.txt --verbose=1
/usr/bin/cc  -DCHECK_FUNCTION_EXISTS=pthread_create CMakeFiles/cmTC_10d05.dir/CheckFunctionExists.c.o -o cmTC_10d05  -lpthreads 
/usr/bin/ld: cannot find -lpthreads
collect2: error: ld returned 1 exit status
make[1]: *** [CMakeFiles/cmTC_10d05.dir/build.make:99: cmTC_10d05] Error 1
make[1]: Leaving directory '/home/oem/Desktop/Serwerek/klient/cmake-build-debug/CMakeFiles/CMakeTmp'
make: *** [Makefile:127: cmTC_10d05/fast] Error 2



